mode: set
github.com/Friends-Against-Humanity/senpai/internal/utils/log/log.go:8.52,10.18 2 0
github.com/Friends-Against-Humanity/senpai/internal/utils/log/log.go:10.18,12.3 1 0
github.com/Friends-Against-Humanity/senpai/internal/utils/log/log.go:14.2,15.18 2 0
github.com/Friends-Against-Humanity/senpai/internal/utils/log/log.go:16.15,17.23 1 0
github.com/Friends-Against-Humanity/senpai/internal/utils/log/log.go:18.14,19.22 1 0
github.com/Friends-Against-Humanity/senpai/internal/utils/log/log.go:20.14,21.22 1 0
github.com/Friends-Against-Humanity/senpai/internal/utils/log/log.go:22.15,23.23 1 0
github.com/Friends-Against-Humanity/senpai/internal/utils/log/log.go:25.2,29.16 4 0
github.com/Friends-Against-Humanity/senpai/internal/utils/log/log.go:29.16,31.3 1 0
github.com/Friends-Against-Humanity/senpai/internal/utils/log/log.go:32.2,33.12 2 0
github.com/Friends-Against-Humanity/senpai/internal/core/services/main.go:13.64,16.29 2 0
github.com/Friends-Against-Humanity/senpai/internal/core/services/main.go:16.29,18.3 1 0
github.com/Friends-Against-Humanity/senpai/internal/core/services/main.go:20.2,20.12 1 0
github.com/Friends-Against-Humanity/senpai/internal/core/services/main.go:23.62,25.16 2 0
github.com/Friends-Against-Humanity/senpai/internal/core/services/main.go:25.16,27.3 1 0
github.com/Friends-Against-Humanity/senpai/internal/core/services/main.go:29.2,29.20 1 0
github.com/Friends-Against-Humanity/senpai/internal/core/services/main.go:32.52,34.2 1 0
github.com/Friends-Against-Humanity/senpai/cmd/main.go:14.29,15.16 1 0
github.com/Friends-Against-Humanity/senpai/cmd/main.go:15.16,17.3 1 0
github.com/Friends-Against-Humanity/senpai/cmd/main.go:20.13,27.75 4 0
github.com/Friends-Against-Humanity/senpai/cmd/main.go:27.75,30.3 2 0
github.com/Friends-Against-Humanity/senpai/cmd/main.go:32.2,36.23 3 0
github.com/Friends-Against-Humanity/senpai/pkg/models/openai/client.go:19.66,23.29 3 0
github.com/Friends-Against-Humanity/senpai/pkg/models/openai/client.go:23.29,25.3 1 0
github.com/Friends-Against-Humanity/senpai/pkg/models/openai/client.go:27.2,27.16 1 0
github.com/Friends-Against-Humanity/senpai/pkg/models/openai/client.go:30.92,32.2 1 0
github.com/Friends-Against-Humanity/senpai/pkg/models/openai/client.go:34.99,42.16 4 0
github.com/Friends-Against-Humanity/senpai/pkg/models/openai/client.go:42.16,45.3 2 0
github.com/Friends-Against-Humanity/senpai/pkg/models/openai/client.go:47.2,50.16 3 0
github.com/Friends-Against-Humanity/senpai/pkg/models/openai/client.go:50.16,53.3 2 0
github.com/Friends-Against-Humanity/senpai/pkg/models/openai/client.go:55.2,57.16 3 0
github.com/Friends-Against-Humanity/senpai/pkg/models/openai/client.go:57.16,60.3 2 0
github.com/Friends-Against-Humanity/senpai/pkg/models/openai/client.go:62.2,64.29 2 0
github.com/Friends-Against-Humanity/senpai/pkg/models/openai/config.go:20.35,29.2 1 1
github.com/Friends-Against-Humanity/senpai/pkg/models/openai/config.go:31.41,40.2 1 1
github.com/Friends-Against-Humanity/senpai/pkg/models/openai/message.go:8.47,13.2 1 1
github.com/Friends-Against-Humanity/senpai/pkg/models/openai/message.go:15.47,17.2 1 1
github.com/Friends-Against-Humanity/senpai/pkg/models/openai/message.go:19.45,21.2 1 1
github.com/Friends-Against-Humanity/senpai/pkg/models/openai/message.go:23.50,25.2 1 1
github.com/Friends-Against-Humanity/senpai/pkg/models/openai/request.go:15.101,23.2 1 1
github.com/Friends-Against-Humanity/senpai/pkg/models/openai/request.go:25.61,33.2 1 1
github.com/Friends-Against-Humanity/senpai/pkg/models/openai/request.go:35.52,37.2 1 1
github.com/Friends-Against-Humanity/senpai/pkg/models/openai/request.go:39.45,41.16 2 1
github.com/Friends-Against-Humanity/senpai/pkg/models/openai/request.go:41.16,43.3 1 0
github.com/Friends-Against-Humanity/senpai/pkg/models/openai/request.go:45.2,45.15 1 1
